<?xml version="1.0" encoding="UTF-8"?>
<testsuite name="com.ghostpin.engine.noise.OrnsteinUhlenbeckTest" tests="5" skipped="0" failures="0" errors="0" timestamp="2026-03-10T07:39:21.742Z" hostname="DESKTOP-OSOO2IJ" time="0.081">
  <properties/>
  <testcase name="different profiles produce different autocorrelation strengths()" classname="com.ghostpin.engine.noise.OrnsteinUhlenbeckTest" time="0.023"/>
  <testcase name="lag-1 autocorrelation is positive and significant()" classname="com.ghostpin.engine.noise.OrnsteinUhlenbeckTest" time="0.01"/>
  <testcase name="mean reverts toward zero from displaced state()" classname="com.ghostpin.engine.noise.OrnsteinUhlenbeckTest" time="0.002"/>
  <testcase name="reset clears state to zero()" classname="com.ghostpin.engine.noise.OrnsteinUhlenbeckTest" time="0.003"/>
  <testcase name="variance is bounded by theoretical steady-state()" classname="com.ghostpin.engine.noise.OrnsteinUhlenbeckTest" time="0.036"/>
  <system-out><![CDATA[]]></system-out>
  <system-err><![CDATA[]]></system-err>
</testsuite>
