<?xml version="1.0" encoding="UTF-8"?>
<testsuite name="com.ghostpin.engine.noise.MultipathNoiseTest" tests="4" skipped="0" failures="0" errors="0" timestamp="2026-03-10T07:39:21.480Z" hostname="DESKTOP-OSOO2IJ" time="0.249">
  <properties/>
  <testcase name="excess kurtosis is positive with multipath()" classname="com.ghostpin.engine.noise.MultipathNoiseTest" time="0.187"/>
  <testcase name="no jumps when pMultipath is zero()" classname="com.ghostpin.engine.noise.MultipathNoiseTest" time="0.006"/>
  <testcase name="reset clears jump state()" classname="com.ghostpin.engine.noise.MultipathNoiseTest" time="0.003"/>
  <testcase name="jump frequency matches pMultipath within tolerance()" classname="com.ghostpin.engine.noise.MultipathNoiseTest" time="0.047"/>
  <system-out><![CDATA[]]></system-out>
  <system-err><![CDATA[]]></system-err>
</testsuite>
