<?xml version="1.0" encoding="UTF-8"?>
<testsuite name="com.ghostpin.engine.noise.SensorCoherenceTest" tests="6" skipped="0" failures="0" errors="0" timestamp="2026-03-10T07:39:21.868Z" hostname="DESKTOP-OSOO2IJ" time="0.069">
  <properties/>
  <testcase name="multipath jump increases accuracy penalty()" classname="com.ghostpin.engine.noise.SensorCoherenceTest" time="0.046"/>
  <testcase name="reset restores initial state()" classname="com.ghostpin.engine.noise.SensorCoherenceTest" time="0.002"/>
  <testcase name="speed never jumps more than maxAccel times deltaT()" classname="com.ghostpin.engine.noise.SensorCoherenceTest" time="0.003"/>
  <testcase name="accuracy increases with speed()" classname="com.ghostpin.engine.noise.SensorCoherenceTest" time="0.002"/>
  <testcase name="speed is always non-negative()" classname="com.ghostpin.engine.noise.SensorCoherenceTest" time="0.001"/>
  <testcase name="bearing never flips 180 degrees instantaneously at high speed()" classname="com.ghostpin.engine.noise.SensorCoherenceTest" time="0.006"/>
  <system-out><![CDATA[]]></system-out>
  <system-err><![CDATA[]]></system-err>
</testsuite>
